<!DOCTYPE html>
<html>
<head>
  <title>results.Linux</title>
</head>
<body>
<pre>
All failures in the libc++ test suite will be documented here.
Note: glibc >= 2.16 is required for full C11 compatibility.

Test Suite Run Information:
Date: 8/18/2014
Compiler: Clang Tip-of-Tree (r215809)
ABI: libc++abi
C Library: eglibc 2.19
Platform: x86_64-linux-gnu
Kernel: 3.13.0-32-generic
Distribution: Ubuntu 14.04
Run By: Eric Fiselier (eric at efcs dot ca)


Testing Time: 1187.82s
********************
Failing Tests (33):
    libc++ :: localization/locale.categories/category.collate/locale.collate.byname/compare.pass.cpp
        - GLIBC's locales collate strings differently. Needs investigation.
    libc++ :: localization/locale.categories/category.ctype/locale.ctype.byname/tolower_1.pass.cpp
        - Needs Investigation.
    libc++ :: localization/locale.categories/category.ctype/locale.ctype.byname/tolower_many.pass.cpp
        - Idem.
    libc++ :: localization/locale.categories/category.ctype/locale.ctype.byname/toupper_1.pass.cpp
        - Idem.
    libc++ :: localization/locale.categories/category.ctype/locale.ctype.byname/toupper_many.pass.cpp
        - Idem.
    libc++ :: localization/locale.categories/category.ctype/locale.ctype.byname/widen_1.pass.cpp
        - Idem
    libc++ :: localization/locale.categories/category.ctype/locale.ctype.byname/widen_many.pass.cpp
        - Idem
    libc++ :: localization/locale.categories/category.monetary/locale.money.get/locale.money.get.members/get_long_double_ru_RU.pass.cpp
        - Differences in GLIBC locales. Needs investigation.
    libc++ :: localization/locale.categories/category.monetary/locale.money.get/locale.money.get.members/get_long_double_zh_CN.pass.cpp
        - Differences in GLIBC locales. Puts '-' before 'CNY' as opposed to after.
    libc++ :: localization/locale.categories/category.monetary/locale.money.put/locale.money.put.members/put_long_double_ru_RU.pass.cpp
        - Differences in GLIBC locales. Needs investigation.
    libc++ :: localization/locale.categories/category.monetary/locale.money.put/locale.money.put.members/put_long_double_zh_CN.pass.cpp
        - Differences in GLIBC locales. Puts '-' before 'CNY' as opposed to after.
    libc++ :: localization/locale.categories/category.monetary/locale.moneypunct.byname/decimal_point.pass.cpp
        - Expects ',' for ru_RU but gets '.'.
    libc++ :: localization/locale.categories/category.monetary/locale.moneypunct.byname/thousands_sep.pass.cpp
        - Expects ',' for ru_RU but gets '.'.
    libc++ :: localization/locale.categories/category.numeric/locale.nm.put/facet.num.put.members/put_long_double.pass.cpp
        - GLIBC puts "+nan" where "nan" is expected.
    libc++ :: localization/locale.categories/category.time/locale.time.get.byname/get_date.pass.cpp
        - GLIBC has different locale data for fr_FR, ru_RU and zh_CN.
          The is also a possible bug in zh_CN tests. Needs investigation.
    libc++ :: localization/locale.categories/category.time/locale.time.get.byname/get_date_wide.pass.cpp
        - Idem.
    libc++ :: localization/locale.categories/category.time/locale.time.get.byname/get_one.pass.cpp
        - Some test cases are non-portible with GLIBC (include time zone).
          Other failures related to GLIBC locale data. Needs investigation.
    libc++ :: localization/locale.categories/category.time/locale.time.get.byname/get_one_wide.pass.cpp
        - Idem.
    libc++ :: localization/locale.categories/category.time/locale.time.get.byname/get_weekday.pass.cpp
        - GLIBC starts weekdays with lowercase letters. Test case expectes upper case.
    libc++ :: localization/locale.categories/category.time/locale.time.get.byname/get_weekday_wide.pass.cpp
        - Idem.
    libc++ :: localization/locale.categories/category.time/locale.time.put.byname/put1.pass.cpp
        - GLIBC abbreviated days end with '.'. Test case expects no '.'.
    libc++ :: localization/locale.categories/category.time/locale.time.put/locale.time.put.members/put2.pass.cpp
        - Needs investigation.
    libc++ :: localization/locale.categories/facet.numpunct/locale.numpunct.byname/grouping.pass.cpp
        - Fails due to differences in GLIBC locales
    libc++ :: localization/locale.categories/facet.numpunct/locale.numpunct.byname/thousands_sep.pass.cpp
        - Fails due to differences in GLIBC locales
    libc++ :: re/re.alg/re.alg.match/basic.pass.cpp
        - Needs investigation.
    libc++ :: re/re.alg/re.alg.match/ecma.pass.cpp
        - Idem.
    libc++ :: re/re.alg/re.alg.match/extended.pass.cpp
        - Idem.
    libc++ :: re/re.alg/re.alg.search/awk.pass.cpp
        - Idem.
    libc++ :: re/re.alg/re.alg.search/basic.pass.cpp
        - Idem.
    libc++ :: re/re.alg/re.alg.search/ecma.pass.cpp
        - Idem.
    libc++ :: re/re.alg/re.alg.search/extended.pass.cpp
        - Idem.
    libc++ :: re/re.traits/lookup_collatename.pass.cpp
        - Idem.
    libc++ :: re/re.traits/translate_nocase.pass.cpp
        - Idem.

********************
Expected Failing Tests (5):
    libc++ :: depr/depr.c.headers/math_h.pass.cpp
        - Fails a static assert that the return type of
          isnan(double) and isinf(double) is a bool. see PR18382.
    libc++ :: numerics/c.math/cmath_isinf.pass.cpp
        - Idem.
    libc++ :: numerics/c.math/cmath_isnan.pass.cpp
        - Idem.
    libc++ :: strings/c.strings/cuchar.pass.cpp
        - &lt;cuchar&gt; is not implemented.
    libc++ :: strings/c.strings/version_cuchar.pass.cpp
        - Idem.

  Expected Passes    : 4716
  Expected Failures  : 5
  Unexpected Failures: 33

********************************************************************************

-- Testing: 4754 tests, 2 threads --
FAIL: libc++ :: localization/locale.categories/category.collate/locale.collate.byname/compare.pass.cpp (2073 of 4754)
******************** TEST 'libc++ :: localization/locale.categories/category.collate/locale.collate.byname/compare.pass.cpp' FAILED ********************
Compiled With: '/opt/llvm-tot/bin/clang++' '-o' '/tmp/tmp4DtKocexe' '/home/eric/workspace/staging-libcxx/test/localization/locale.categories/category.collate/locale.collate.byname/compare.pass.cpp' '-nostdinc++' '-std=c++11' '-D__STDC_FORMAT_MACROS' '-D__STDC_LIMIT_MACROS' '-D__STDC_CONSTANT_MACROS' '-I/home/eric/workspace/staging-libcxx/test/../include' '-I/home/eric/workspace/staging-libcxx/test/../test/support' '-nodefaultlibs' '-L/home/eric/workspace/build-libcxx-staging/lib' '-lc++' '-lc++abi' '-lgcc_eh' '-lc' '-lm' '-lpthread' '-lrt' '-lgcc_s' '-Wl,-R' '/home/eric/workspace/build-libcxx-staging/lib'
Command: '/tmp/tmp4DtKocexe'
Exit Code: -6
Standard Error:
--
tmp4DtKocexe: /home/eric/workspace/staging-libcxx/test/localization/locale.categories/category.collate/locale.collate.byname/compare.pass.cpp:38: int main(): Assertion `f.compare(s2.data(), s2.data() + s2.size(), s3.data(), s3.data() + s3.size()) == 1' failed.
--

Compiled test failed unexpectedly!
********************
FAIL: libc++ :: localization/locale.categories/category.ctype/locale.ctype.byname/tolower_1.pass.cpp (2152 of 4754)
******************** TEST 'libc++ :: localization/locale.categories/category.ctype/locale.ctype.byname/tolower_1.pass.cpp' FAILED ********************
Compiled With: '/opt/llvm-tot/bin/clang++' '-o' '/tmp/tmpAfkClkexe' '/home/eric/workspace/staging-libcxx/test/localization/locale.categories/category.ctype/locale.ctype.byname/tolower_1.pass.cpp' '-nostdinc++' '-std=c++11' '-D__STDC_FORMAT_MACROS' '-D__STDC_LIMIT_MACROS' '-D__STDC_CONSTANT_MACROS' '-I/home/eric/workspace/staging-libcxx/test/../include' '-I/home/eric/workspace/staging-libcxx/test/../test/support' '-nodefaultlibs' '-L/home/eric/workspace/build-libcxx-staging/lib' '-lc++' '-lc++abi' '-lgcc_eh' '-lc' '-lm' '-lpthread' '-lrt' '-lgcc_s' '-Wl,-R' '/home/eric/workspace/build-libcxx-staging/lib'
Command: '/tmp/tmpAfkClkexe'
Exit Code: -6
Standard Error:
--
tmpAfkClkexe: /home/eric/workspace/staging-libcxx/test/localization/locale.categories/category.ctype/locale.ctype.byname/tolower_1.pass.cpp:38: int main(): Assertion `f.tolower('\xDA') == '\xFA'' failed.
--

Compiled test failed unexpectedly!
********************
FAIL: libc++ :: localization/locale.categories/category.ctype/locale.ctype.byname/tolower_many.pass.cpp (2153 of 4754)
******************** TEST 'libc++ :: localization/locale.categories/category.ctype/locale.ctype.byname/tolower_many.pass.cpp' FAILED ********************
Compiled With: '/opt/llvm-tot/bin/clang++' '-o' '/tmp/tmpGjakKeexe' '/home/eric/workspace/staging-libcxx/test/localization/locale.categories/category.ctype/locale.ctype.byname/tolower_many.pass.cpp' '-nostdinc++' '-std=c++11' '-D__STDC_FORMAT_MACROS' '-D__STDC_LIMIT_MACROS' '-D__STDC_CONSTANT_MACROS' '-I/home/eric/workspace/staging-libcxx/test/../include' '-I/home/eric/workspace/staging-libcxx/test/../test/support' '-nodefaultlibs' '-L/home/eric/workspace/build-libcxx-staging/lib' '-lc++' '-lc++abi' '-lgcc_eh' '-lc' '-lm' '-lpthread' '-lrt' '-lgcc_s' '-Wl,-R' '/home/eric/workspace/build-libcxx-staging/lib'
Command: '/tmp/tmpGjakKeexe'
Exit Code: -6
Standard Error:
--
tmpGjakKeexe: /home/eric/workspace/staging-libcxx/test/localization/locale.categories/category.ctype/locale.ctype.byname/tolower_many.pass.cpp:35: int main(): Assertion `in[0] == '\xFA'' failed.
--

Compiled test failed unexpectedly!
********************
FAIL: libc++ :: localization/locale.categories/category.ctype/locale.ctype.byname/toupper_1.pass.cpp (2154 of 4754)
******************** TEST 'libc++ :: localization/locale.categories/category.ctype/locale.ctype.byname/toupper_1.pass.cpp' FAILED ********************
Compiled With: '/opt/llvm-tot/bin/clang++' '-o' '/tmp/tmp0gK3Y6exe' '/home/eric/workspace/staging-libcxx/test/localization/locale.categories/category.ctype/locale.ctype.byname/toupper_1.pass.cpp' '-nostdinc++' '-std=c++11' '-D__STDC_FORMAT_MACROS' '-D__STDC_LIMIT_MACROS' '-D__STDC_CONSTANT_MACROS' '-I/home/eric/workspace/staging-libcxx/test/../include' '-I/home/eric/workspace/staging-libcxx/test/../test/support' '-nodefaultlibs' '-L/home/eric/workspace/build-libcxx-staging/lib' '-lc++' '-lc++abi' '-lgcc_eh' '-lc' '-lm' '-lpthread' '-lrt' '-lgcc_s' '-Wl,-R' '/home/eric/workspace/build-libcxx-staging/lib'
Command: '/tmp/tmp0gK3Y6exe'
Exit Code: -6
Standard Error:
--
tmp0gK3Y6exe: /home/eric/workspace/staging-libcxx/test/localization/locale.categories/category.ctype/locale.ctype.byname/toupper_1.pass.cpp:39: int main(): Assertion `f.toupper('\xFA') == '\xDA'' failed.
--

Compiled test failed unexpectedly!
********************
FAIL: libc++ :: localization/locale.categories/category.ctype/locale.ctype.byname/toupper_many.pass.cpp (2155 of 4754)
******************** TEST 'libc++ :: localization/locale.categories/category.ctype/locale.ctype.byname/toupper_many.pass.cpp' FAILED ********************
Compiled With: '/opt/llvm-tot/bin/clang++' '-o' '/tmp/tmpCoF624exe' '/home/eric/workspace/staging-libcxx/test/localization/locale.categories/category.ctype/locale.ctype.byname/toupper_many.pass.cpp' '-nostdinc++' '-std=c++11' '-D__STDC_FORMAT_MACROS' '-D__STDC_LIMIT_MACROS' '-D__STDC_CONSTANT_MACROS' '-I/home/eric/workspace/staging-libcxx/test/../include' '-I/home/eric/workspace/staging-libcxx/test/../test/support' '-nodefaultlibs' '-L/home/eric/workspace/build-libcxx-staging/lib' '-lc++' '-lc++abi' '-lgcc_eh' '-lc' '-lm' '-lpthread' '-lrt' '-lgcc_s' '-Wl,-R' '/home/eric/workspace/build-libcxx-staging/lib'
Command: '/tmp/tmpCoF624exe'
Exit Code: -6
Standard Error:
--
tmpCoF624exe: /home/eric/workspace/staging-libcxx/test/localization/locale.categories/category.ctype/locale.ctype.byname/toupper_many.pass.cpp:35: int main(): Assertion `in[0] == '\xDA'' failed.
--

Compiled test failed unexpectedly!
********************
FAIL: libc++ :: localization/locale.categories/category.ctype/locale.ctype.byname/widen_1.pass.cpp (2157 of 4754)
******************** TEST 'libc++ :: localization/locale.categories/category.ctype/locale.ctype.byname/widen_1.pass.cpp' FAILED ********************
Compiled With: '/opt/llvm-tot/bin/clang++' '-o' '/tmp/tmpjOo8fnexe' '/home/eric/workspace/staging-libcxx/test/localization/locale.categories/category.ctype/locale.ctype.byname/widen_1.pass.cpp' '-nostdinc++' '-std=c++11' '-D__STDC_FORMAT_MACROS' '-D__STDC_LIMIT_MACROS' '-D__STDC_CONSTANT_MACROS' '-I/home/eric/workspace/staging-libcxx/test/../include' '-I/home/eric/workspace/staging-libcxx/test/../test/support' '-nodefaultlibs' '-L/home/eric/workspace/build-libcxx-staging/lib' '-lc++' '-lc++abi' '-lgcc_eh' '-lc' '-lm' '-lpthread' '-lrt' '-lgcc_s' '-Wl,-R' '/home/eric/workspace/build-libcxx-staging/lib'
Command: '/tmp/tmpjOo8fnexe'
Exit Code: -6
Standard Error:
--
tmpjOo8fnexe: /home/eric/workspace/staging-libcxx/test/localization/locale.categories/category.ctype/locale.ctype.byname/widen_1.pass.cpp:53: int main(): Assertion `f.widen(char(-5)) == wchar_t(251)' failed.
--

Compiled test failed unexpectedly!
********************
FAIL: libc++ :: localization/locale.categories/category.ctype/locale.ctype.byname/widen_many.pass.cpp (2158 of 4754)
******************** TEST 'libc++ :: localization/locale.categories/category.ctype/locale.ctype.byname/widen_many.pass.cpp' FAILED ********************
Compiled With: '/opt/llvm-tot/bin/clang++' '-o' '/tmp/tmpDWZ5aNexe' '/home/eric/workspace/staging-libcxx/test/localization/locale.categories/category.ctype/locale.ctype.byname/widen_many.pass.cpp' '-nostdinc++' '-std=c++11' '-D__STDC_FORMAT_MACROS' '-D__STDC_LIMIT_MACROS' '-D__STDC_CONSTANT_MACROS' '-I/home/eric/workspace/staging-libcxx/test/../include' '-I/home/eric/workspace/staging-libcxx/test/../test/support' '-nodefaultlibs' '-L/home/eric/workspace/build-libcxx-staging/lib' '-lc++' '-lc++abi' '-lgcc_eh' '-lc' '-lm' '-lpthread' '-lrt' '-lgcc_s' '-Wl,-R' '/home/eric/workspace/build-libcxx-staging/lib'
Command: '/tmp/tmpDWZ5aNexe'
Exit Code: -6
Standard Error:
--
tmpDWZ5aNexe: /home/eric/workspace/staging-libcxx/test/localization/locale.categories/category.ctype/locale.ctype.byname/widen_many.pass.cpp:60: int main(): Assertion `v[6] == wchar_t(133)' failed.
--

Compiled test failed unexpectedly!
********************
FAIL: libc++ :: localization/locale.categories/category.monetary/locale.money.get/locale.money.get.members/get_long_double_ru_RU.pass.cpp (2184 of 4754)
******************** TEST 'libc++ :: localization/locale.categories/category.monetary/locale.money.get/locale.money.get.members/get_long_double_ru_RU.pass.cpp' FAILED ********************
Compiled With: '/opt/llvm-tot/bin/clang++' '-o' '/tmp/tmpfA5HOrexe' '/home/eric/workspace/staging-libcxx/test/localization/locale.categories/category.monetary/locale.money.get/locale.money.get.members/get_long_double_ru_RU.pass.cpp' '-nostdinc++' '-std=c++11' '-D__STDC_FORMAT_MACROS' '-D__STDC_LIMIT_MACROS' '-D__STDC_CONSTANT_MACROS' '-I/home/eric/workspace/staging-libcxx/test/../include' '-I/home/eric/workspace/staging-libcxx/test/../test/support' '-nodefaultlibs' '-L/home/eric/workspace/build-libcxx-staging/lib' '-lc++' '-lc++abi' '-lgcc_eh' '-lc' '-lm' '-lpthread' '-lrt' '-lgcc_s' '-Wl,-R' '/home/eric/workspace/build-libcxx-staging/lib'
Command: '/tmp/tmpfA5HOrexe'
Exit Code: -6
Standard Error:
--
tmpfA5HOrexe: /home/eric/workspace/staging-libcxx/test/localization/locale.categories/category.monetary/locale.money.get/locale.money.get.members/get_long_double_ru_RU.pass.cpp:71: int main(): Assertion `iter.base() == v.data() + v.size()' failed.
--

Compiled test failed unexpectedly!
********************
FAIL: libc++ :: localization/locale.categories/category.monetary/locale.money.get/locale.money.get.members/get_long_double_zh_CN.pass.cpp (2185 of 4754)
******************** TEST 'libc++ :: localization/locale.categories/category.monetary/locale.money.get/locale.money.get.members/get_long_double_zh_CN.pass.cpp' FAILED ********************
Compiled With: '/opt/llvm-tot/bin/clang++' '-o' '/tmp/tmpTI59qtexe' '/home/eric/workspace/staging-libcxx/test/localization/locale.categories/category.monetary/locale.money.get/locale.money.get.members/get_long_double_zh_CN.pass.cpp' '-nostdinc++' '-std=c++11' '-D__STDC_FORMAT_MACROS' '-D__STDC_LIMIT_MACROS' '-D__STDC_CONSTANT_MACROS' '-I/home/eric/workspace/staging-libcxx/test/../include' '-I/home/eric/workspace/staging-libcxx/test/../test/support' '-nodefaultlibs' '-L/home/eric/workspace/build-libcxx-staging/lib' '-lc++' '-lc++abi' '-lgcc_eh' '-lc' '-lm' '-lpthread' '-lrt' '-lgcc_s' '-Wl,-R' '/home/eric/workspace/build-libcxx-staging/lib'
Command: '/tmp/tmpTI59qtexe'
Exit Code: -6
Standard Error:
--
tmpTI59qtexe: /home/eric/workspace/staging-libcxx/test/localization/locale.categories/category.monetary/locale.money.get/locale.money.get.members/get_long_double_zh_CN.pass.cpp:314: int main(): Assertion `iter.base() == v.data() + v.size()' failed.
--

Compiled test failed unexpectedly!
********************
FAIL: libc++ :: localization/locale.categories/category.monetary/locale.money.put/locale.money.put.members/put_long_double_ru_RU.pass.cpp (2192 of 4754)
******************** TEST 'libc++ :: localization/locale.categories/category.monetary/locale.money.put/locale.money.put.members/put_long_double_ru_RU.pass.cpp' FAILED ********************
Compiled With: '/opt/llvm-tot/bin/clang++' '-o' '/tmp/tmp1psSk2exe' '/home/eric/workspace/staging-libcxx/test/localization/locale.categories/category.monetary/locale.money.put/locale.money.put.members/put_long_double_ru_RU.pass.cpp' '-nostdinc++' '-std=c++11' '-D__STDC_FORMAT_MACROS' '-D__STDC_LIMIT_MACROS' '-D__STDC_CONSTANT_MACROS' '-I/home/eric/workspace/staging-libcxx/test/../include' '-I/home/eric/workspace/staging-libcxx/test/../test/support' '-nodefaultlibs' '-L/home/eric/workspace/build-libcxx-staging/lib' '-lc++' '-lc++abi' '-lgcc_eh' '-lc' '-lm' '-lpthread' '-lrt' '-lgcc_s' '-Wl,-R' '/home/eric/workspace/build-libcxx-staging/lib'
Command: '/tmp/tmp1psSk2exe'
Exit Code: -6
Standard Error:
--
tmp1psSk2exe: /home/eric/workspace/staging-libcxx/test/localization/locale.categories/category.monetary/locale.money.put/locale.money.put.members/put_long_double_ru_RU.pass.cpp:70: int main(): Assertion `ex == "0,00 "' failed.
--

Compiled test failed unexpectedly!
********************
FAIL: libc++ :: localization/locale.categories/category.monetary/locale.money.put/locale.money.put.members/put_long_double_zh_CN.pass.cpp (2193 of 4754)
******************** TEST 'libc++ :: localization/locale.categories/category.monetary/locale.money.put/locale.money.put.members/put_long_double_zh_CN.pass.cpp' FAILED ********************
Compiled With: '/opt/llvm-tot/bin/clang++' '-o' '/tmp/tmpKwjbrPexe' '/home/eric/workspace/staging-libcxx/test/localization/locale.categories/category.monetary/locale.money.put/locale.money.put.members/put_long_double_zh_CN.pass.cpp' '-nostdinc++' '-std=c++11' '-D__STDC_FORMAT_MACROS' '-D__STDC_LIMIT_MACROS' '-D__STDC_CONSTANT_MACROS' '-I/home/eric/workspace/staging-libcxx/test/../include' '-I/home/eric/workspace/staging-libcxx/test/../test/support' '-nodefaultlibs' '-L/home/eric/workspace/build-libcxx-staging/lib' '-lc++' '-lc++abi' '-lgcc_eh' '-lc' '-lm' '-lpthread' '-lrt' '-lgcc_s' '-Wl,-R' '/home/eric/workspace/build-libcxx-staging/lib'
Command: '/tmp/tmpKwjbrPexe'
Exit Code: -6
Standard Error:
--
tmpKwjbrPexe: /home/eric/workspace/staging-libcxx/test/localization/locale.categories/category.monetary/locale.money.put/locale.money.put.members/put_long_double_zh_CN.pass.cpp:218: int main(): Assertion `ex == "CNY -0.01"' failed.
--

Compiled test failed unexpectedly!
********************
FAIL: libc++ :: localization/locale.categories/category.monetary/locale.moneypunct.byname/decimal_point.pass.cpp (2198 of 4754)
******************** TEST 'libc++ :: localization/locale.categories/category.monetary/locale.moneypunct.byname/decimal_point.pass.cpp' FAILED ********************
Compiled With: '/opt/llvm-tot/bin/clang++' '-o' '/tmp/tmp4UnNQ2exe' '/home/eric/workspace/staging-libcxx/test/localization/locale.categories/category.monetary/locale.moneypunct.byname/decimal_point.pass.cpp' '-nostdinc++' '-std=c++11' '-D__STDC_FORMAT_MACROS' '-D__STDC_LIMIT_MACROS' '-D__STDC_CONSTANT_MACROS' '-I/home/eric/workspace/staging-libcxx/test/../include' '-I/home/eric/workspace/staging-libcxx/test/../test/support' '-nodefaultlibs' '-L/home/eric/workspace/build-libcxx-staging/lib' '-lc++' '-lc++abi' '-lgcc_eh' '-lc' '-lm' '-lpthread' '-lrt' '-lgcc_s' '-Wl,-R' '/home/eric/workspace/build-libcxx-staging/lib'
Command: '/tmp/tmp4UnNQ2exe'
Exit Code: -6
Standard Error:
--
tmp4UnNQ2exe: /home/eric/workspace/staging-libcxx/test/localization/locale.categories/category.monetary/locale.moneypunct.byname/decimal_point.pass.cpp:114: int main(): Assertion `f.decimal_point() == ','' failed.
--

Compiled test failed unexpectedly!
********************
FAIL: libc++ :: localization/locale.categories/category.monetary/locale.moneypunct.byname/thousands_sep.pass.cpp (2205 of 4754)
******************** TEST 'libc++ :: localization/locale.categories/category.monetary/locale.moneypunct.byname/thousands_sep.pass.cpp' FAILED ********************
Compiled With: '/opt/llvm-tot/bin/clang++' '-o' '/tmp/tmp6MGZAmexe' '/home/eric/workspace/staging-libcxx/test/localization/locale.categories/category.monetary/locale.moneypunct.byname/thousands_sep.pass.cpp' '-nostdinc++' '-std=c++11' '-D__STDC_FORMAT_MACROS' '-D__STDC_LIMIT_MACROS' '-D__STDC_CONSTANT_MACROS' '-I/home/eric/workspace/staging-libcxx/test/../include' '-I/home/eric/workspace/staging-libcxx/test/../test/support' '-nodefaultlibs' '-L/home/eric/workspace/build-libcxx-staging/lib' '-lc++' '-lc++abi' '-lgcc_eh' '-lc' '-lm' '-lpthread' '-lrt' '-lgcc_s' '-Wl,-R' '/home/eric/workspace/build-libcxx-staging/lib'
Command: '/tmp/tmp6MGZAmexe'
Exit Code: -6
Standard Error:
--
tmp6MGZAmexe: /home/eric/workspace/staging-libcxx/test/localization/locale.categories/category.monetary/locale.moneypunct.byname/thousands_sep.pass.cpp:114: int main(): Assertion `f.thousands_sep() == ' '' failed.
--

Compiled test failed unexpectedly!
********************
FAIL: libc++ :: localization/locale.categories/category.numeric/locale.nm.put/facet.num.put.members/put_long_double.pass.cpp (2229 of 4754)
******************** TEST 'libc++ :: localization/locale.categories/category.numeric/locale.nm.put/facet.num.put.members/put_long_double.pass.cpp' FAILED ********************
Compiled With: '/opt/llvm-tot/bin/clang++' '-o' '/tmp/tmp7AME77exe' '/home/eric/workspace/staging-libcxx/test/localization/locale.categories/category.numeric/locale.nm.put/facet.num.put.members/put_long_double.pass.cpp' '-nostdinc++' '-std=c++11' '-D__STDC_FORMAT_MACROS' '-D__STDC_LIMIT_MACROS' '-D__STDC_CONSTANT_MACROS' '-I/home/eric/workspace/staging-libcxx/test/../include' '-I/home/eric/workspace/staging-libcxx/test/../test/support' '-nodefaultlibs' '-L/home/eric/workspace/build-libcxx-staging/lib' '-lc++' '-lc++abi' '-lgcc_eh' '-lc' '-lm' '-lpthread' '-lrt' '-lgcc_s' '-Wl,-R' '/home/eric/workspace/build-libcxx-staging/lib'
Command: '/tmp/tmp7AME77exe'
Exit Code: -6
Standard Error:
--
tmp7AME77exe: /home/eric/workspace/staging-libcxx/test/localization/locale.categories/category.numeric/locale.nm.put/facet.num.put.members/put_long_double.pass.cpp:10886: void test5(): Assertion `ex == "nan"' failed.
--

Compiled test failed unexpectedly!
********************
FAIL: libc++ :: localization/locale.categories/category.time/locale.time.get.byname/get_date_wide.pass.cpp (2249 of 4754)
******************** TEST 'libc++ :: localization/locale.categories/category.time/locale.time.get.byname/get_date_wide.pass.cpp' FAILED ********************
Compiled With: '/opt/llvm-tot/bin/clang++' '-o' '/tmp/tmpooRjFgexe' '/home/eric/workspace/staging-libcxx/test/localization/locale.categories/category.time/locale.time.get.byname/get_date_wide.pass.cpp' '-nostdinc++' '-std=c++11' '-D__STDC_FORMAT_MACROS' '-D__STDC_LIMIT_MACROS' '-D__STDC_CONSTANT_MACROS' '-I/home/eric/workspace/staging-libcxx/test/../include' '-I/home/eric/workspace/staging-libcxx/test/../test/support' '-nodefaultlibs' '-L/home/eric/workspace/build-libcxx-staging/lib' '-lc++' '-lc++abi' '-lgcc_eh' '-lc' '-lm' '-lpthread' '-lrt' '-lgcc_s' '-Wl,-R' '/home/eric/workspace/build-libcxx-staging/lib'
Command: '/tmp/tmpooRjFgexe'
Exit Code: -6
Standard Error:
--
tmpooRjFgexe: /home/eric/workspace/staging-libcxx/test/localization/locale.categories/category.time/locale.time.get.byname/get_date_wide.pass.cpp:64: int main(): Assertion `i.base() == in+sizeof(in)/sizeof(in[0])-1' failed.
--

Compiled test failed unexpectedly!
********************
FAIL: libc++ :: localization/locale.categories/category.time/locale.time.get.byname/get_date.pass.cpp (2250 of 4754)
******************** TEST 'libc++ :: localization/locale.categories/category.time/locale.time.get.byname/get_date.pass.cpp' FAILED ********************
Compiled With: '/opt/llvm-tot/bin/clang++' '-o' '/tmp/tmpcm_vb9exe' '/home/eric/workspace/staging-libcxx/test/localization/locale.categories/category.time/locale.time.get.byname/get_date.pass.cpp' '-nostdinc++' '-std=c++11' '-D__STDC_FORMAT_MACROS' '-D__STDC_LIMIT_MACROS' '-D__STDC_CONSTANT_MACROS' '-I/home/eric/workspace/staging-libcxx/test/../include' '-I/home/eric/workspace/staging-libcxx/test/../test/support' '-nodefaultlibs' '-L/home/eric/workspace/build-libcxx-staging/lib' '-lc++' '-lc++abi' '-lgcc_eh' '-lc' '-lm' '-lpthread' '-lrt' '-lgcc_s' '-Wl,-R' '/home/eric/workspace/build-libcxx-staging/lib'
Command: '/tmp/tmpcm_vb9exe'
Exit Code: -6
Standard Error:
--
tmpcm_vb9exe: /home/eric/workspace/staging-libcxx/test/localization/locale.categories/category.time/locale.time.get.byname/get_date.pass.cpp:64: int main(): Assertion `i.base() == in+sizeof(in)/sizeof(in[0])-1' failed.
--

Compiled test failed unexpectedly!
********************
FAIL: libc++ :: localization/locale.categories/category.time/locale.time.get.byname/get_one.pass.cpp (2253 of 4754)
******************** TEST 'libc++ :: localization/locale.categories/category.time/locale.time.get.byname/get_one.pass.cpp' FAILED ********************
Compiled With: '/opt/llvm-tot/bin/clang++' '-o' '/tmp/tmpLKJQXHexe' '/home/eric/workspace/staging-libcxx/test/localization/locale.categories/category.time/locale.time.get.byname/get_one.pass.cpp' '-nostdinc++' '-std=c++11' '-D__STDC_FORMAT_MACROS' '-D__STDC_LIMIT_MACROS' '-D__STDC_CONSTANT_MACROS' '-I/home/eric/workspace/staging-libcxx/test/../include' '-I/home/eric/workspace/staging-libcxx/test/../test/support' '-nodefaultlibs' '-L/home/eric/workspace/build-libcxx-staging/lib' '-lc++' '-lc++abi' '-lgcc_eh' '-lc' '-lm' '-lpthread' '-lrt' '-lgcc_s' '-Wl,-R' '/home/eric/workspace/build-libcxx-staging/lib'
Command: '/tmp/tmpLKJQXHexe'
Exit Code: -6
Standard Error:
--
tmpLKJQXHexe: /home/eric/workspace/staging-libcxx/test/localization/locale.categories/category.time/locale.time.get.byname/get_one.pass.cpp:51: int main(): Assertion `i.base() == in+sizeof(in)/sizeof(in[0])-1' failed.
--

Compiled test failed unexpectedly!
********************
FAIL: libc++ :: localization/locale.categories/category.time/locale.time.get.byname/get_one_wide.pass.cpp (2254 of 4754)
******************** TEST 'libc++ :: localization/locale.categories/category.time/locale.time.get.byname/get_one_wide.pass.cpp' FAILED ********************
Compiled With: '/opt/llvm-tot/bin/clang++' '-o' '/tmp/tmpiDgYiqexe' '/home/eric/workspace/staging-libcxx/test/localization/locale.categories/category.time/locale.time.get.byname/get_one_wide.pass.cpp' '-nostdinc++' '-std=c++11' '-D__STDC_FORMAT_MACROS' '-D__STDC_LIMIT_MACROS' '-D__STDC_CONSTANT_MACROS' '-I/home/eric/workspace/staging-libcxx/test/../include' '-I/home/eric/workspace/staging-libcxx/test/../test/support' '-nodefaultlibs' '-L/home/eric/workspace/build-libcxx-staging/lib' '-lc++' '-lc++abi' '-lgcc_eh' '-lc' '-lm' '-lpthread' '-lrt' '-lgcc_s' '-Wl,-R' '/home/eric/workspace/build-libcxx-staging/lib'
Command: '/tmp/tmpiDgYiqexe'
Exit Code: -6
Standard Error:
--
tmpiDgYiqexe: /home/eric/workspace/staging-libcxx/test/localization/locale.categories/category.time/locale.time.get.byname/get_one_wide.pass.cpp:51: int main(): Assertion `i.base() == in+sizeof(in)/sizeof(in[0])-1' failed.
--

Compiled test failed unexpectedly!
********************
FAIL: libc++ :: localization/locale.categories/category.time/locale.time.get.byname/get_weekday.pass.cpp (2257 of 4754)
******************** TEST 'libc++ :: localization/locale.categories/category.time/locale.time.get.byname/get_weekday.pass.cpp' FAILED ********************
Compiled With: '/opt/llvm-tot/bin/clang++' '-o' '/tmp/tmpAUaH78exe' '/home/eric/workspace/staging-libcxx/test/localization/locale.categories/category.time/locale.time.get.byname/get_weekday.pass.cpp' '-nostdinc++' '-std=c++11' '-D__STDC_FORMAT_MACROS' '-D__STDC_LIMIT_MACROS' '-D__STDC_CONSTANT_MACROS' '-I/home/eric/workspace/staging-libcxx/test/../include' '-I/home/eric/workspace/staging-libcxx/test/../test/support' '-nodefaultlibs' '-L/home/eric/workspace/build-libcxx-staging/lib' '-lc++' '-lc++abi' '-lgcc_eh' '-lc' '-lm' '-lpthread' '-lrt' '-lgcc_s' '-Wl,-R' '/home/eric/workspace/build-libcxx-staging/lib'
Command: '/tmp/tmpAUaH78exe'
Exit Code: -6
Standard Error:
--
tmpAUaH78exe: /home/eric/workspace/staging-libcxx/test/localization/locale.categories/category.time/locale.time.get.byname/get_weekday.pass.cpp:74: int main(): Assertion `i.base() == in+sizeof(in)/sizeof(in[0])-1' failed.
--

Compiled test failed unexpectedly!
********************
FAIL: libc++ :: localization/locale.categories/category.time/locale.time.get.byname/get_weekday_wide.pass.cpp (2258 of 4754)
******************** TEST 'libc++ :: localization/locale.categories/category.time/locale.time.get.byname/get_weekday_wide.pass.cpp' FAILED ********************
Compiled With: '/opt/llvm-tot/bin/clang++' '-o' '/tmp/tmp7iGNTDexe' '/home/eric/workspace/staging-libcxx/test/localization/locale.categories/category.time/locale.time.get.byname/get_weekday_wide.pass.cpp' '-nostdinc++' '-std=c++11' '-D__STDC_FORMAT_MACROS' '-D__STDC_LIMIT_MACROS' '-D__STDC_CONSTANT_MACROS' '-I/home/eric/workspace/staging-libcxx/test/../include' '-I/home/eric/workspace/staging-libcxx/test/../test/support' '-nodefaultlibs' '-L/home/eric/workspace/build-libcxx-staging/lib' '-lc++' '-lc++abi' '-lgcc_eh' '-lc' '-lm' '-lpthread' '-lrt' '-lgcc_s' '-Wl,-R' '/home/eric/workspace/build-libcxx-staging/lib'
Command: '/tmp/tmp7iGNTDexe'
Exit Code: -6
Standard Error:
--
tmp7iGNTDexe: /home/eric/workspace/staging-libcxx/test/localization/locale.categories/category.time/locale.time.get.byname/get_weekday_wide.pass.cpp:72: int main(): Assertion `i.base() == in+sizeof(in)/sizeof(in[0])-1' failed.
--

Compiled test failed unexpectedly!
********************
FAIL: libc++ :: localization/locale.categories/category.time/locale.time.put.byname/put1.pass.cpp (2277 of 4754)
******************** TEST 'libc++ :: localization/locale.categories/category.time/locale.time.put.byname/put1.pass.cpp' FAILED ********************
Compiled With: '/opt/llvm-tot/bin/clang++' '-o' '/tmp/tmpnT0vVFexe' '/home/eric/workspace/staging-libcxx/test/localization/locale.categories/category.time/locale.time.put.byname/put1.pass.cpp' '-nostdinc++' '-std=c++11' '-D__STDC_FORMAT_MACROS' '-D__STDC_LIMIT_MACROS' '-D__STDC_CONSTANT_MACROS' '-I/home/eric/workspace/staging-libcxx/test/../include' '-I/home/eric/workspace/staging-libcxx/test/../test/support' '-nodefaultlibs' '-L/home/eric/workspace/build-libcxx-staging/lib' '-lc++' '-lc++abi' '-lgcc_eh' '-lc' '-lm' '-lpthread' '-lrt' '-lgcc_s' '-Wl,-R' '/home/eric/workspace/build-libcxx-staging/lib'
Command: '/tmp/tmpnT0vVFexe'
Exit Code: -6
Standard Error:
--
tmpnT0vVFexe: /home/eric/workspace/staging-libcxx/test/localization/locale.categories/category.time/locale.time.put.byname/put1.pass.cpp:73: int main(): Assertion `(ex == "Today is Samedi which is abbreviated Sam.")|| (ex == "Today is samedi which is abbreviated sam." )' failed.
--

Compiled test failed unexpectedly!
********************
FAIL: libc++ :: localization/locale.categories/category.time/locale.time.put/locale.time.put.members/put2.pass.cpp (2281 of 4754)
******************** TEST 'libc++ :: localization/locale.categories/category.time/locale.time.put/locale.time.put.members/put2.pass.cpp' FAILED ********************
Compiled With: '/opt/llvm-tot/bin/clang++' '-o' '/tmp/tmp47THCHexe' '/home/eric/workspace/staging-libcxx/test/localization/locale.categories/category.time/locale.time.put/locale.time.put.members/put2.pass.cpp' '-nostdinc++' '-std=c++11' '-D__STDC_FORMAT_MACROS' '-D__STDC_LIMIT_MACROS' '-D__STDC_CONSTANT_MACROS' '-I/home/eric/workspace/staging-libcxx/test/../include' '-I/home/eric/workspace/staging-libcxx/test/../test/support' '-nodefaultlibs' '-L/home/eric/workspace/build-libcxx-staging/lib' '-lc++' '-lc++abi' '-lgcc_eh' '-lc' '-lm' '-lpthread' '-lrt' '-lgcc_s' '-Wl,-R' '/home/eric/workspace/build-libcxx-staging/lib'
Command: '/tmp/tmp47THCHexe'
Exit Code: -6
Standard Error:
--
tmp47THCHexe: /home/eric/workspace/staging-libcxx/test/localization/locale.categories/category.time/locale.time.put/locale.time.put.members/put2.pass.cpp:185: int main(): Assertion `ex == "May"' failed.
--

Compiled test failed unexpectedly!
********************
FAIL: libc++ :: localization/locale.categories/facet.numpunct/locale.numpunct.byname/grouping.pass.cpp (2285 of 4754)
******************** TEST 'libc++ :: localization/locale.categories/facet.numpunct/locale.numpunct.byname/grouping.pass.cpp' FAILED ********************
Compiled With: '/opt/llvm-tot/bin/clang++' '-o' '/tmp/tmpn6fLHJexe' '/home/eric/workspace/staging-libcxx/test/localization/locale.categories/facet.numpunct/locale.numpunct.byname/grouping.pass.cpp' '-nostdinc++' '-std=c++11' '-D__STDC_FORMAT_MACROS' '-D__STDC_LIMIT_MACROS' '-D__STDC_CONSTANT_MACROS' '-I/home/eric/workspace/staging-libcxx/test/../include' '-I/home/eric/workspace/staging-libcxx/test/../test/support' '-nodefaultlibs' '-L/home/eric/workspace/build-libcxx-staging/lib' '-lc++' '-lc++abi' '-lgcc_eh' '-lc' '-lm' '-lpthread' '-lrt' '-lgcc_s' '-Wl,-R' '/home/eric/workspace/build-libcxx-staging/lib'
Command: '/tmp/tmpn6fLHJexe'
Exit Code: -6
Standard Error:
--
tmpn6fLHJexe: /home/eric/workspace/staging-libcxx/test/localization/locale.categories/facet.numpunct/locale.numpunct.byname/grouping.pass.cpp:57: int main(): Assertion `np.grouping() == "\x7F"' failed.
--

Compiled test failed unexpectedly!
********************
FAIL: libc++ :: localization/locale.categories/facet.numpunct/locale.numpunct.byname/thousands_sep.pass.cpp (2286 of 4754)
******************** TEST 'libc++ :: localization/locale.categories/facet.numpunct/locale.numpunct.byname/thousands_sep.pass.cpp' FAILED ********************
Compiled With: '/opt/llvm-tot/bin/clang++' '-o' '/tmp/tmpkna8llexe' '/home/eric/workspace/staging-libcxx/test/localization/locale.categories/facet.numpunct/locale.numpunct.byname/thousands_sep.pass.cpp' '-nostdinc++' '-std=c++11' '-D__STDC_FORMAT_MACROS' '-D__STDC_LIMIT_MACROS' '-D__STDC_CONSTANT_MACROS' '-I/home/eric/workspace/staging-libcxx/test/../include' '-I/home/eric/workspace/staging-libcxx/test/../test/support' '-nodefaultlibs' '-L/home/eric/workspace/build-libcxx-staging/lib' '-lc++' '-lc++abi' '-lgcc_eh' '-lc' '-lm' '-lpthread' '-lrt' '-lgcc_s' '-Wl,-R' '/home/eric/workspace/build-libcxx-staging/lib'
Command: '/tmp/tmpkna8llexe'
Exit Code: -6
Standard Error:
--
tmpkna8llexe: /home/eric/workspace/staging-libcxx/test/localization/locale.categories/facet.numpunct/locale.numpunct.byname/thousands_sep.pass.cpp:57: int main(): Assertion `np.thousands_sep() == ','' failed.
--

Compiled test failed unexpectedly!
********************
FAIL: libc++ :: re/re.alg/re.alg.match/basic.pass.cpp (3203 of 4754)
******************** TEST 'libc++ :: re/re.alg/re.alg.match/basic.pass.cpp' FAILED ********************
Compiled With: '/opt/llvm-tot/bin/clang++' '-o' '/tmp/tmp0wkTrlexe' '/home/eric/workspace/staging-libcxx/test/re/re.alg/re.alg.match/basic.pass.cpp' '-nostdinc++' '-std=c++11' '-D__STDC_FORMAT_MACROS' '-D__STDC_LIMIT_MACROS' '-D__STDC_CONSTANT_MACROS' '-I/home/eric/workspace/staging-libcxx/test/../include' '-I/home/eric/workspace/staging-libcxx/test/../test/support' '-nodefaultlibs' '-L/home/eric/workspace/build-libcxx-staging/lib' '-lc++' '-lc++abi' '-lgcc_eh' '-lc' '-lm' '-lpthread' '-lrt' '-lgcc_s' '-Wl,-R' '/home/eric/workspace/build-libcxx-staging/lib'
Command: '/tmp/tmp0wkTrlexe'
Exit Code: -6
Standard Error:
--
tmp0wkTrlexe: /home/eric/workspace/staging-libcxx/test/re/re.alg/re.alg.match/basic.pass.cpp:624: int main(): Assertion `std::regex_match(s, m, std::regex("[a[=M=]z]", std::regex_constants::basic))' failed.
--

Compiled test failed unexpectedly!
********************
FAIL: libc++ :: re/re.alg/re.alg.match/ecma.pass.cpp (3204 of 4754)
******************** TEST 'libc++ :: re/re.alg/re.alg.match/ecma.pass.cpp' FAILED ********************
Compiled With: '/opt/llvm-tot/bin/clang++' '-o' '/tmp/tmpghcl7yexe' '/home/eric/workspace/staging-libcxx/test/re/re.alg/re.alg.match/ecma.pass.cpp' '-nostdinc++' '-std=c++11' '-D__STDC_FORMAT_MACROS' '-D__STDC_LIMIT_MACROS' '-D__STDC_CONSTANT_MACROS' '-I/home/eric/workspace/staging-libcxx/test/../include' '-I/home/eric/workspace/staging-libcxx/test/../test/support' '-nodefaultlibs' '-L/home/eric/workspace/build-libcxx-staging/lib' '-lc++' '-lc++abi' '-lgcc_eh' '-lc' '-lm' '-lpthread' '-lrt' '-lgcc_s' '-Wl,-R' '/home/eric/workspace/build-libcxx-staging/lib'
Command: '/tmp/tmpghcl7yexe'
Exit Code: -6
Standard Error:
--
tmpghcl7yexe: /home/eric/workspace/staging-libcxx/test/re/re.alg/re.alg.match/ecma.pass.cpp:585: int main(): Assertion `std::regex_match(s, m, std::regex("[a[=M=]z]"))' failed.
--

Compiled test failed unexpectedly!
********************
FAIL: libc++ :: re/re.alg/re.alg.match/extended.pass.cpp (3208 of 4754)
******************** TEST 'libc++ :: re/re.alg/re.alg.match/extended.pass.cpp' FAILED ********************
Compiled With: '/opt/llvm-tot/bin/clang++' '-o' '/tmp/tmpGVUdIMexe' '/home/eric/workspace/staging-libcxx/test/re/re.alg/re.alg.match/extended.pass.cpp' '-nostdinc++' '-std=c++11' '-D__STDC_FORMAT_MACROS' '-D__STDC_LIMIT_MACROS' '-D__STDC_CONSTANT_MACROS' '-I/home/eric/workspace/staging-libcxx/test/../include' '-I/home/eric/workspace/staging-libcxx/test/../test/support' '-nodefaultlibs' '-L/home/eric/workspace/build-libcxx-staging/lib' '-lc++' '-lc++abi' '-lgcc_eh' '-lc' '-lm' '-lpthread' '-lrt' '-lgcc_s' '-Wl,-R' '/home/eric/workspace/build-libcxx-staging/lib'
Command: '/tmp/tmpGVUdIMexe'
Exit Code: -6
Standard Error:
--
tmpGVUdIMexe: /home/eric/workspace/staging-libcxx/test/re/re.alg/re.alg.match/extended.pass.cpp:622: int main(): Assertion `std::regex_match(s, m, std::regex("[a[=M=]z]", std::regex_constants::extended))' failed.
--

Compiled test failed unexpectedly!
********************
FAIL: libc++ :: re/re.alg/re.alg.search/awk.pass.cpp (3218 of 4754)
******************** TEST 'libc++ :: re/re.alg/re.alg.search/awk.pass.cpp' FAILED ********************
Compiled With: '/opt/llvm-tot/bin/clang++' '-o' '/tmp/tmpgFuw4cexe' '/home/eric/workspace/staging-libcxx/test/re/re.alg/re.alg.search/awk.pass.cpp' '-nostdinc++' '-std=c++11' '-D__STDC_FORMAT_MACROS' '-D__STDC_LIMIT_MACROS' '-D__STDC_CONSTANT_MACROS' '-I/home/eric/workspace/staging-libcxx/test/../include' '-I/home/eric/workspace/staging-libcxx/test/../test/support' '-nodefaultlibs' '-L/home/eric/workspace/build-libcxx-staging/lib' '-lc++' '-lc++abi' '-lgcc_eh' '-lc' '-lm' '-lpthread' '-lrt' '-lgcc_s' '-Wl,-R' '/home/eric/workspace/build-libcxx-staging/lib'
Command: '/tmp/tmpgFuw4cexe'
Exit Code: -6
Standard Error:
--
tmpgFuw4cexe: /home/eric/workspace/staging-libcxx/test/re/re.alg/re.alg.search/awk.pass.cpp:694: int main(): Assertion `std::regex_search(s, m, std::regex("[a[=M=]z]", std::regex_constants::awk))' failed.
--

Compiled test failed unexpectedly!
********************
FAIL: libc++ :: re/re.alg/re.alg.search/basic.pass.cpp (3219 of 4754)
******************** TEST 'libc++ :: re/re.alg/re.alg.search/basic.pass.cpp' FAILED ********************
Compiled With: '/opt/llvm-tot/bin/clang++' '-o' '/tmp/tmpXeQuwGexe' '/home/eric/workspace/staging-libcxx/test/re/re.alg/re.alg.search/basic.pass.cpp' '-nostdinc++' '-std=c++11' '-D__STDC_FORMAT_MACROS' '-D__STDC_LIMIT_MACROS' '-D__STDC_CONSTANT_MACROS' '-I/home/eric/workspace/staging-libcxx/test/../include' '-I/home/eric/workspace/staging-libcxx/test/../test/support' '-nodefaultlibs' '-L/home/eric/workspace/build-libcxx-staging/lib' '-lc++' '-lc++abi' '-lgcc_eh' '-lc' '-lm' '-lpthread' '-lrt' '-lgcc_s' '-Wl,-R' '/home/eric/workspace/build-libcxx-staging/lib'
Command: '/tmp/tmpXeQuwGexe'
Exit Code: -6
Standard Error:
--
tmpXeQuwGexe: /home/eric/workspace/staging-libcxx/test/re/re.alg/re.alg.search/basic.pass.cpp:696: int main(): Assertion `std::regex_search(s, m, std::regex("[a[=M=]z]", std::regex_constants::basic))' failed.
--

Compiled test failed unexpectedly!
********************
FAIL: libc++ :: re/re.alg/re.alg.search/ecma.pass.cpp (3220 of 4754)
******************** TEST 'libc++ :: re/re.alg/re.alg.search/ecma.pass.cpp' FAILED ********************
Compiled With: '/opt/llvm-tot/bin/clang++' '-o' '/tmp/tmpvGAAImexe' '/home/eric/workspace/staging-libcxx/test/re/re.alg/re.alg.search/ecma.pass.cpp' '-nostdinc++' '-std=c++11' '-D__STDC_FORMAT_MACROS' '-D__STDC_LIMIT_MACROS' '-D__STDC_CONSTANT_MACROS' '-I/home/eric/workspace/staging-libcxx/test/../include' '-I/home/eric/workspace/staging-libcxx/test/../test/support' '-nodefaultlibs' '-L/home/eric/workspace/build-libcxx-staging/lib' '-lc++' '-lc++abi' '-lgcc_eh' '-lc' '-lm' '-lpthread' '-lrt' '-lgcc_s' '-Wl,-R' '/home/eric/workspace/build-libcxx-staging/lib'
Command: '/tmp/tmpvGAAImexe'
Exit Code: -6
Standard Error:
--
tmpvGAAImexe: /home/eric/workspace/staging-libcxx/test/re/re.alg/re.alg.search/ecma.pass.cpp:675: int main(): Assertion `std::regex_search(s, m, std::regex("[a[=M=]z]"))' failed.
--

Compiled test failed unexpectedly!
********************
FAIL: libc++ :: re/re.alg/re.alg.search/extended.pass.cpp (3224 of 4754)
******************** TEST 'libc++ :: re/re.alg/re.alg.search/extended.pass.cpp' FAILED ********************
Compiled With: '/opt/llvm-tot/bin/clang++' '-o' '/tmp/tmpGvouurexe' '/home/eric/workspace/staging-libcxx/test/re/re.alg/re.alg.search/extended.pass.cpp' '-nostdinc++' '-std=c++11' '-D__STDC_FORMAT_MACROS' '-D__STDC_LIMIT_MACROS' '-D__STDC_CONSTANT_MACROS' '-I/home/eric/workspace/staging-libcxx/test/../include' '-I/home/eric/workspace/staging-libcxx/test/../test/support' '-nodefaultlibs' '-L/home/eric/workspace/build-libcxx-staging/lib' '-lc++' '-lc++abi' '-lgcc_eh' '-lc' '-lm' '-lpthread' '-lrt' '-lgcc_s' '-Wl,-R' '/home/eric/workspace/build-libcxx-staging/lib'
Command: '/tmp/tmpGvouurexe'
Exit Code: -6
Standard Error:
--
tmpGvouurexe: /home/eric/workspace/staging-libcxx/test/re/re.alg/re.alg.search/extended.pass.cpp:694: int main(): Assertion `std::regex_search(s, m, std::regex("[a[=M=]z]", std::regex_constants::extended))' failed.
--

Compiled test failed unexpectedly!
********************
FAIL: libc++ :: re/re.traits/lookup_collatename.pass.cpp (3349 of 4754)
******************** TEST 'libc++ :: re/re.traits/lookup_collatename.pass.cpp' FAILED ********************
Compiled With: '/opt/llvm-tot/bin/clang++' '-o' '/tmp/tmpItXmtJexe' '/home/eric/workspace/staging-libcxx/test/re/re.traits/lookup_collatename.pass.cpp' '-nostdinc++' '-std=c++11' '-D__STDC_FORMAT_MACROS' '-D__STDC_LIMIT_MACROS' '-D__STDC_CONSTANT_MACROS' '-I/home/eric/workspace/staging-libcxx/test/../include' '-I/home/eric/workspace/staging-libcxx/test/../test/support' '-nodefaultlibs' '-L/home/eric/workspace/build-libcxx-staging/lib' '-lc++' '-lc++abi' '-lgcc_eh' '-lc' '-lm' '-lpthread' '-lrt' '-lgcc_s' '-Wl,-R' '/home/eric/workspace/build-libcxx-staging/lib'
Command: '/tmp/tmpItXmtJexe'
Exit Code: -6
Standard Error:
--
tmpItXmtJexe: /home/eric/workspace/staging-libcxx/test/re/re.traits/lookup_collatename.pass.cpp:31: void test(const char_type *, const std::basic_string<char_type> &) [char_type = char]: Assertion `t.lookup_collatename(F(A), F(A + t.length(A))) == expected' failed.
--

Compiled test failed unexpectedly!
********************
FAIL: libc++ :: re/re.traits/translate_nocase.pass.cpp (3354 of 4754)
******************** TEST 'libc++ :: re/re.traits/translate_nocase.pass.cpp' FAILED ********************
Compiled With: '/opt/llvm-tot/bin/clang++' '-o' '/tmp/tmpGsRNu3exe' '/home/eric/workspace/staging-libcxx/test/re/re.traits/translate_nocase.pass.cpp' '-nostdinc++' '-std=c++11' '-D__STDC_FORMAT_MACROS' '-D__STDC_LIMIT_MACROS' '-D__STDC_CONSTANT_MACROS' '-I/home/eric/workspace/staging-libcxx/test/../include' '-I/home/eric/workspace/staging-libcxx/test/../test/support' '-nodefaultlibs' '-L/home/eric/workspace/build-libcxx-staging/lib' '-lc++' '-lc++abi' '-lgcc_eh' '-lc' '-lm' '-lpthread' '-lrt' '-lgcc_s' '-Wl,-R' '/home/eric/workspace/build-libcxx-staging/lib'
Command: '/tmp/tmpGsRNu3exe'
Exit Code: -6
Standard Error:
--
tmpGsRNu3exe: /home/eric/workspace/staging-libcxx/test/re/re.traits/translate_nocase.pass.cpp:44: int main(): Assertion `t.translate_nocase('\xDA') == '\xFA'' failed.
--

Compiled test failed unexpectedly!
********************
</pre>
</body>
</html>
